#
# There is insufficient memory for the Java Runtime Environment to continue.
# Native memory allocation (mmap) failed to map 134217728 bytes for G1 virtual space
# Possible reasons:
#   The system is out of physical RAM or swap space
#   The process is running with CompressedOops enabled, and the Java Heap may be blocking the growth of the native heap
# Possible solutions:
#   Reduce memory load on the system
#   Increase physical memory or swap space
#   Check if swap backing store is full
#   Decrease Java heap size (-Xmx/-Xms)
#   Decrease number of Java threads
#   Decrease Java thread stack sizes (-Xss)
#   Set larger code cache with -XX:ReservedCodeCacheSize=
#   JVM is running with Unscaled Compressed Oops mode in which the Java heap is
#     placed in the first 4GB address space. The Java Heap base address is the
#     maximum limit for the native heap growth. Please use -XX:HeapBaseMinAddress
#     to set the Java Heap base and to place the Java Heap above 4GB virtual address.
# This output file may be truncated or incomplete.
#
#  Out of Memory Error (os_windows.cpp:3466), pid=23788, tid=6428
#
# JRE version:  (16.0+36) (build )
# Java VM: Java HotSpot(TM) 64-Bit Server VM (16+36-2231, mixed mode, sharing, tiered, compressed oops, g1 gc, windows-amd64)
# No core dump will be written. Minidumps are not enabled by default on client versions of Windows
#

---------------  S U M M A R Y ------------

Command Line: -javaagent:C:\Program Files\JetBrains\IntelliJ IDEA Community Edition 2021.1\lib\idea_rt.jar=53205:C:\Program Files\JetBrains\IntelliJ IDEA Community Edition 2021.1\bin -Dfile.encoding=UTF-8 VariableMutation

Host: Intel(R) Core(TM) i7-9750H CPU @ 2.60GHz, 12 cores, 7G,  Windows 10 , 64 bit Build 19041 (10.0.19041.804)
Time: Mon Apr 12 12:10:01 2021 Central Europe Daylight Time elapsed time: 0.014144 seconds (0d 0h 0m 0s)

---------------  T H R E A D  ---------------

Current thread (0x0000024e0f47b8c0):  JavaThread "Unknown thread" [_thread_in_vm, id=6428, stack(0x00000055f6e00000,0x00000055f6f00000)]

Stack: [0x00000055f6e00000,0x00000055f6f00000]
Native frames: (J=compiled Java code, j=interpreted, Vv=VM code, C=native code)
V  [jvm.dll+0x6681da]
V  [jvm.dll+0x7c9d99]
V  [jvm.dll+0x7cb4d3]
V  [jvm.dll+0x7cbb33]
V  [jvm.dll+0x242ee5]
V  [jvm.dll+0x664f99]
V  [jvm.dll+0x659b85]
V  [jvm.dll+0x2fbfcb]
V  [jvm.dll+0x3031c6]
V  [jvm.dll+0x352a0e]
V  [jvm.dll+0x352c3f]
V  [jvm.dll+0x2d3038]
V  [jvm.dll+0x2d4274]
V  [jvm.dll+0x79c691]
V  [jvm.dll+0x3607b1]
V  [jvm.dll+0x77a370]
V  [jvm.dll+0x3e501f]
V  [jvm.dll+0x3e6af1]
C  [jli.dll+0x52fb]
C  [ucrtbase.dll+0x21bb2]
C  [KERNEL32.DLL+0x17034]
C  [ntdll.dll+0x52651]


---------------  P R O C E S S  ---------------

Threads class SMR info:
_java_thread_list=0x00007ffacb71cbb8, length=0, elements={
}

Java Threads: ( => current thread )

Other Threads:
  0x0000024e0f4bb6f0 GCTaskThread "GC Thread#0" [stack: 0x00000055f6f00000,0x00000055f7000000] [id=7176]
  0x0000024e0f4cc370 ConcurrentGCThread "G1 Main Marker" [stack: 0x00000055f7000000,0x00000055f7100000] [id=16168]
  0x0000024e0f4cd500 ConcurrentGCThread "G1 Conc#0" [stack: 0x00000055f7100000,0x00000055f7200000] [id=23948]

[error occurred during error reporting (printing all threads), id 0xc0000005, EXCEPTION_ACCESS_VIOLATION (0xc0000005) at pc=0x00007ffacaef3ef7]

VM state: not at safepoint (not fully initialized)

VM Mutex/Monitor currently owned by a thread:  ([mutex/lock_event])
[0x0000024e0f477290] Heap_lock - owner thread: 0x0000024e0f47b8c0

Heap address: 0x0000000081e00000, size: 2018 MB, Compressed Oops mode: 32-bit
CDS archive(s) mapped at: [0x0000000000000000-0x0000000000000000-0x0000000000000000), size 0, SharedBaseAddress: 0x0000000800000000, ArchiveRelocationMode: 0.
Narrow klass base: 0x0000000000000000, Narrow klass shift: 0, Narrow klass range: 0x0

GC Precious Log:
<Empty>

Heap:
 garbage-first heap   total 0K, used 0K [0x0000000081e00000, 0x0000000100000000)
  region size 1024K, 0 young (0K), 0 survivors (0K)

[error occurred during error reporting (printing heap information), id 0xc0000005, EXCEPTION_ACCESS_VIOLATION (0xc0000005) at pc=0x00007ffacb2d1edd]

GC Heap History (0 events):
No events

Deoptimization events (0 events):
No events

Classes unloaded (0 events):
No events

Classes redefined (0 events):
No events

Internal exceptions (0 events):
No events

Events (1 events):
Event: 0.009 Loaded shared library C:\Program Files\Java\jdk-16\bin\java.dll


Dynamic libraries:
0x00007ff6f2ba0000 - 0x00007ff6f2bb0000 	C:\Program Files\Java\jdk-16\bin\java.exe
0x00007ffb2ee50000 - 0x00007ffb2f045000 	C:\Windows\SYSTEM32\ntdll.dll
0x00007ffb2e960000 - 0x00007ffb2ea1d000 	C:\Windows\System32\KERNEL32.DLL
0x00007ffb2c9d0000 - 0x00007ffb2cc98000 	C:\Windows\System32\KERNELBASE.dll
0x00007ffb2c700000 - 0x00007ffb2c800000 	C:\Windows\System32\ucrtbase.dll
0x00007ffb10fb0000 - 0x00007ffb10fc8000 	C:\Program Files\Java\jdk-16\bin\jli.dll
0x00007ffb0f410000 - 0x00007ffb0f429000 	C:\Program Files\Java\jdk-16\bin\VCRUNTIME140.dll
0x00007ffb2e210000 - 0x00007ffb2e2bc000 	C:\Windows\System32\ADVAPI32.dll
0x00007ffb2d270000 - 0x00007ffb2d30e000 	C:\Windows\System32\msvcrt.dll
0x00007ffb2e3a0000 - 0x00007ffb2e43b000 	C:\Windows\System32\sechost.dll
0x00007ffb2cf10000 - 0x00007ffb2d03b000 	C:\Windows\System32\RPCRT4.dll
0x00007ffb2d0d0000 - 0x00007ffb2d270000 	C:\Windows\System32\USER32.dll
0x00007ffb2c8a0000 - 0x00007ffb2c8c2000 	C:\Windows\System32\win32u.dll
0x00007ffb11110000 - 0x00007ffb113aa000 	C:\Windows\WinSxS\amd64_microsoft.windows.common-controls_6595b64144ccf1df_6.0.19041.844_none_ca00b6081b84eb1d\COMCTL32.dll
0x00007ffb2dd30000 - 0x00007ffb2dd5a000 	C:\Windows\System32\GDI32.dll
0x00007ffb2c590000 - 0x00007ffb2c69b000 	C:\Windows\System32\gdi32full.dll
0x00007ffb2c800000 - 0x00007ffb2c89d000 	C:\Windows\System32\msvcp_win.dll
0x00007ffb246e0000 - 0x00007ffb246ea000 	C:\Windows\SYSTEM32\VERSION.dll
0x00007ffb2ea80000 - 0x00007ffb2eab0000 	C:\Windows\System32\IMM32.DLL
0x00007ffb21c60000 - 0x00007ffb21c6c000 	C:\Program Files\Java\jdk-16\bin\vcruntime140_1.dll
0x00007ffaee140000 - 0x00007ffaee1d1000 	C:\Program Files\Java\jdk-16\bin\msvcp140.dll
0x00007ffacac10000 - 0x00007ffacb7bb000 	C:\Program Files\Java\jdk-16\bin\server\jvm.dll
0x00007ffb2e390000 - 0x00007ffb2e398000 	C:\Windows\System32\PSAPI.DLL
0x00007ffb27800000 - 0x00007ffb27809000 	C:\Windows\SYSTEM32\WSOCK32.dll
0x00007ffb196c0000 - 0x00007ffb196e7000 	C:\Windows\SYSTEM32\WINMM.dll
0x00007ffb2e140000 - 0x00007ffb2e1ab000 	C:\Windows\System32\WS2_32.dll
0x00007ffb2ae60000 - 0x00007ffb2ae72000 	C:\Windows\SYSTEM32\kernel.appcore.dll
0x00007ffb11430000 - 0x00007ffb1143a000 	C:\Program Files\Java\jdk-16\bin\jimage.dll
0x00007ffb2a3c0000 - 0x00007ffb2a5a4000 	C:\Windows\SYSTEM32\DBGHELP.DLL
0x00007ffb163b0000 - 0x00007ffb163dc000 	C:\Windows\SYSTEM32\dbgcore.DLL
0x00007ffb2c920000 - 0x00007ffb2c9a0000 	C:\Windows\System32\bcryptPrimitives.dll
0x00007ffb10fa0000 - 0x00007ffb10fae000 	C:\Program Files\Java\jdk-16\bin\instrument.dll
0x00007ffb089d0000 - 0x00007ffb089f5000 	C:\Program Files\Java\jdk-16\bin\java.dll

dbghelp: loaded successfully - version: 4.0.5 - missing functions: none
symbol engine: initialized successfully - sym options: 0x614 - pdb path: .;C:\Program Files\Java\jdk-16\bin;C:\Windows\SYSTEM32;C:\Windows\WinSxS\amd64_microsoft.windows.common-controls_6595b64144ccf1df_6.0.19041.844_none_ca00b6081b84eb1d;C:\Program Files\Java\jdk-16\bin\server

VM Arguments:
jvm_args: -javaagent:C:\Program Files\JetBrains\IntelliJ IDEA Community Edition 2021.1\lib\idea_rt.jar=53205:C:\Program Files\JetBrains\IntelliJ IDEA Community Edition 2021.1\bin -Dfile.encoding=UTF-8 
java_command: VariableMutation
java_class_path (initial): C:\Users\Hurin\GFA\mithranen\week-01\day-05\out\production\day-05
Launcher Type: SUN_STANDARD

[Global flags]
     intx CICompilerCount                          = 4                                         {product} {ergonomic}
     uint ConcGCThreads                            = 3                                         {product} {ergonomic}
     uint G1ConcRefinementThreads                  = 10                                        {product} {ergonomic}
   size_t G1HeapRegionSize                         = 1048576                                   {product} {ergonomic}
    uintx GCDrainStackTargetSize                   = 64                                        {product} {ergonomic}
   size_t InitialHeapSize                          = 134217728                                 {product} {ergonomic}
   size_t MarkStackSize                            = 4194304                                   {product} {ergonomic}
   size_t MaxHeapSize                              = 2116026368                                {product} {ergonomic}
   size_t MinHeapDeltaBytes                        = 1048576                                   {product} {ergonomic}
   size_t MinHeapSize                              = 8388608                                   {product} {ergonomic}
    uintx NonNMethodCodeHeapSize                   = 5839372                                {pd product} {ergonomic}
    uintx NonProfiledCodeHeapSize                  = 122909434                              {pd product} {ergonomic}
    uintx ProfiledCodeHeapSize                     = 122909434                              {pd product} {ergonomic}
    uintx ReservedCodeCacheSize                    = 251658240                              {pd product} {ergonomic}
     bool SegmentedCodeCache                       = true                                      {product} {ergonomic}
   size_t SoftMaxHeapSize                          = 2116026368                             {manageable} {ergonomic}
     bool UseCompressedClassPointers               = true                           {product lp64_product} {ergonomic}
     bool UseCompressedOops                        = true                           {product lp64_product} {ergonomic}
     bool UseG1GC                                  = true                                      {product} {ergonomic}
     bool UseLargePagesIndividualAllocation        = false                                  {pd product} {ergonomic}

Logging:
Log output configuration:
 #0: stdout all=warning uptime,level,tags
 #1: stderr all=off uptime,level,tags

Environment Variables:
JAVA_HOME=C:\Program Files\Java\jdk-16
PATH=C:\Program Files\Common Files\Oracle\Java\javapath;C:\Windows\system32;C:\Windows;C:\Windows\System32\Wbem;C:\Windows\System32\WindowsPowerShell\v1.0\;C:\Windows\System32\OpenSSH\;C:\Program Files\NVIDIA Corporation\NVIDIA NvDLISR;C:\Program Files (x86)\NVIDIA Corporation\PhysX\Common;C:\Program Files\Git\cmd;C:\Program Files\Common Files\Oracle\Java\javapath;C:\Windows\system32;C:\Windows;C:\Windows\System32\Wbem;C:\Windows\System32\WindowsPowerShell\v1.0\;C:\Windows\System32\OpenSSH\;C:\Program Files\NVIDIA Corporation\NVIDIA NvDLISR;C:\Program Files (x86)\NVIDIA Corporation\PhysX\Common;C:\Program Files\Git\cmd;C:\Users\Hurin\AppData\Local\Microsoft\WindowsApps;C:\Users\Hurin\AppData\Local\Programs\Microsoft VS Code\bin;C:\Users\Hurin\AppData\Local\GitHubDesktop\bin;C:\Program Files\Java\jdk-16\bin;
USERNAME=Hurin
OS=Windows_NT
PROCESSOR_IDENTIFIER=Intel64 Family 6 Model 158 Stepping 10, GenuineIntel



---------------  S Y S T E M  ---------------

OS:
 Windows 10 , 64 bit Build 19041 (10.0.19041.804)
OS uptime: 3 days 3:22 hours

CPU: total 12 (initial active 12) (6 cores per cpu, 2 threads per core) family 6 model 158 stepping 10 microcode 0xde, cx8, cmov, fxsr, ht, mmx, 3dnowpref, sse, sse2, sse3, ssse3, sse4.1, sse4.2, popcnt, lzcnt, tsc, tscinvbit, avx, avx2, aes, erms, clmul, bmi1, bmi2, adx, fma, vzeroupper, clflush, clflushopt

Memory: 4k page, system-wide physical 8071M (1645M free)
TotalPageFile size 9975M (AvailPageFile size 11M)
current process WorkingSet (physical memory assigned to process): 10M, peak: 10M
current process commit charge ("private bytes"): 64M, peak: 192M

vm_info: Java HotSpot(TM) 64-Bit Server VM (16+36-2231) for windows-amd64 JRE (16+36-2231), built on Feb  8 2021 11:43:10 by "mach5one" with MS VC++ 16.7 (VS2019)

END.
